[debug] [2022-01-10T22:01:57.747Z] ----------------------------------------------------------------------
[debug] [2022-01-10T22:01:57.748Z] Command:       /usr/local/bin/node /usr/local/bin/firebase init
[debug] [2022-01-10T22:01:57.749Z] CLI Version:   10.0.1
[debug] [2022-01-10T22:01:57.749Z] Platform:      darwin
[debug] [2022-01-10T22:01:57.749Z] Node Version:  v14.15.0
[debug] [2022-01-10T22:01:57.749Z] Time:          Mon Jan 10 2022 16:01:57 GMT-0600 (Central Standard Time)
[debug] [2022-01-10T22:01:57.750Z] ----------------------------------------------------------------------
[debug] 
[debug] [2022-01-10T22:01:57.754Z] > command requires scopes: ["email","openid","https://www.googleapis.com/auth/cloudplatformprojects.readonly","https://www.googleapis.com/auth/firebase","https://www.googleapis.com/auth/cloud-platform"]
[debug] [2022-01-10T22:01:57.754Z] > authorizing via signed-in user (joechre@gmail.com)
[info] 
     ######## #### ########  ######## ########     ###     ######  ########
     ##        ##  ##     ## ##       ##     ##  ##   ##  ##       ##
     ######    ##  ########  ######   ########  #########  ######  ######
     ##        ##  ##    ##  ##       ##     ## ##     ##       ## ##
     ##       #### ##     ## ######## ########  ##     ##  ######  ########

You're about to initialize a Firebase project in this directory:

  /Users/josephchretien/Documents/Initio

[info] 
=== Project Setup
[info] 
[info] First, let's associate this project directory with a Firebase project.
[info] You can create multiple project aliases by running firebase use --add, 
[info] but for now we'll just set up a default project.
[info] 
[debug] [2022-01-10T22:02:18.869Z] >>> [apiv2][query] GET https://firebase.googleapis.com/v1beta1/projects pageSize=100
[debug] [2022-01-10T22:02:19.271Z] <<< [apiv2][status] GET https://firebase.googleapis.com/v1beta1/projects 200
[debug] [2022-01-10T22:02:19.271Z] <<< [apiv2][body] GET https://firebase.googleapis.com/v1beta1/projects [omitted]
[info] i  Using project portfolio-59d26 (portfolio) 
[info] 
=== Hosting Setup
[info] 
[info] Your public directory is the folder (relative to your project directory) that
[info] will contain Hosting assets to be uploaded with firebase deploy. If you
[info] have a build process for your assets, use your build's output directory.
[info] 
[info] âœ”  Wrote y/404.html 
[debug] [2022-01-10T22:04:07.692Z] >>> [apiv2][query] GET https://www.gstatic.com/firebasejs/releases.json [none]
[debug] [2022-01-10T22:04:07.770Z] <<< [apiv2][status] GET https://www.gstatic.com/firebasejs/releases.json 200
[debug] [2022-01-10T22:04:07.770Z] <<< [apiv2][body] GET https://www.gstatic.com/firebasejs/releases.json {"current":{"version":"9.6.2","browserURL":"https://www.gstatic.com/firebasejs/9.6.2/firebase.js","packageURL":"https://www.gstatic.com/firebasejs/9.6.2/firebase.tgz"},"live":{"version":"9.6","browserURL":"https://www.gstatic.com/firebasejs/live/9.6/firebase.js","packageURL":"https://www.gstatic.com/firebasejs/live/9.6/firebase.tgz"},"components":{"analytics":"https://www.gstatic.com/firebasejs/9.6.2/firebase-analytics.js","app":"https://www.gstatic.com/firebasejs/9.6.2/firebase-app.js","app-check":"https://www.gstatic.com/firebasejs/9.6.2/firebase-app-check.js","auth":"https://www.gstatic.com/firebasejs/9.6.2/firebase-auth.js","auth/cordova":"https://www.gstatic.com/firebasejs/9.6.2/firebase-auth/cordova.js","auth/react-native":"https://www.gstatic.com/firebasejs/9.6.2/firebase-auth/react-native.js","functions":"https://www.gstatic.com/firebasejs/9.6.2/firebase-functions.js","firestore":"https://www.gstatic.com/firebasejs/9.6.2/firebase-firestore.js","firestore/lite":"https://www.gstatic.com/firebasejs/9.6.2/firebase-firestore/lite.js","storage":"https://www.gstatic.com/firebasejs/9.6.2/firebase-storage.js","performance":"https://www.gstatic.com/firebasejs/9.6.2/firebase-performance.js","remote-config":"https://www.gstatic.com/firebasejs/9.6.2/firebase-remote-config.js","messaging":"https://www.gstatic.com/firebasejs/9.6.2/firebase-messaging.js","messaging/sw":"https://www.gstatic.com/firebasejs/9.6.2/firebase-messaging/sw.js","database":"https://www.gstatic.com/firebasejs/9.6.2/firebase-database.js","firestore.memory":"https://www.gstatic.com/firebasejs/9.6.2/firebase-firestore.memory.js"}}
[info] âœ”  Wrote y/index.html 
[info] 
[info] i  Didn't detect a .git folder. Assuming /Users/josephchretien/Documents/Initio is the project root. 
[info] i  Authorizing with GitHub to upload your service account to a GitHub repository's secrets store. 
[info] 
[info] Visit this URL on this device to log in:
[info] https://github.com/login/oauth/authorize?client_id=89cf50f02ac6aaed3484&state=921790957&redirect_uri=http%3A%2F%2Flocalhost%3A9005&scope=read%3Auser%20repo%20public_repo
[info] 
[info] Waiting for authentication...
[debug] [2022-01-10T22:04:22.523Z] >>> HTTP REQUEST POST https://github.com/login/oauth/access_token  
 {"client_id":"89cf50f02ac6aaed3484","client_secret":"3330d14abc895d9a74d5f17cd7a00711fa2c5bf0","code":"279cc575506b10870c4f","redirect_uri":"http://localhost:9005","state":"921790957"}
[debug] [2022-01-10T22:04:22.755Z] <<< HTTP RESPONSE 200 {"server":"GitHub.com","date":"Mon, 10 Jan 2022 22:04:22 GMT","content-type":"application/json; charset=utf-8","transfer-encoding":"chunked","vary":"X-PJAX, X-PJAX-Container, Accept-Encoding, Accept, X-Requested-With","permissions-policy":"interest-cohort=()","etag":"W/\"2287f0429a99365033527ae2104d64c0\"","cache-control":"max-age=0, private, must-revalidate","strict-transport-security":"max-age=31536000; includeSubdomains; preload","x-frame-options":"deny","x-content-type-options":"nosniff","x-xss-protection":"0","referrer-policy":"origin-when-cross-origin, strict-origin-when-cross-origin","expect-ct":"max-age=2592000, report-uri=\"https://api.github.com/_private/browser/errors\"","content-security-policy":"default-src 'none'; base-uri 'self'; block-all-mixed-content; child-src github.com/assets-cdn/worker/ gist.github.com/assets-cdn/worker/; connect-src 'self' uploads.github.com objects-origin.githubusercontent.com www.githubstatus.com collector.githubapp.com api.github.com github-cloud.s3.amazonaws.com github-production-repository-file-5c1aeb.s3.amazonaws.com github-production-upload-manifest-file-7fdce7.s3.amazonaws.com github-production-user-asset-6210df.s3.amazonaws.com cdn.optimizely.com logx.optimizely.com/v1/events translator.github.com wss://alive.github.com; font-src github.githubassets.com; form-action 'self' github.com gist.github.com objects-origin.githubusercontent.com; frame-ancestors 'none'; frame-src render.githubusercontent.com viewscreen.githubusercontent.com notebooks.githubusercontent.com; img-src 'self' data: github.githubassets.com identicons.github.com collector.githubapp.com github-cloud.s3.amazonaws.com secured-user-images.githubusercontent.com/ *.githubusercontent.com; manifest-src 'self'; media-src github.com user-images.githubusercontent.com/; script-src github.githubassets.com; style-src 'unsafe-inline' github.githubassets.com; worker-src github.com/assets-cdn/worker/ gist.github.com/assets-cdn/worker/","x-github-request-id":"FE09:442F:15C5B:27F92:61DCAD66"}
[debug] [2022-01-10T22:04:22.760Z] >>> [apiv2][query] GET https://api.github.com/user [none]
[debug] [2022-01-10T22:04:23.044Z] <<< [apiv2][status] GET https://api.github.com/user 200
[debug] [2022-01-10T22:04:23.044Z] <<< [apiv2][body] GET https://api.github.com/user {"login":"JGolden25","id":35469493,"node_id":"MDQ6VXNlcjM1NDY5NDkz","avatar_url":"https://avatars.githubusercontent.com/u/35469493?v=4","gravatar_id":"","url":"https://api.github.com/users/JGolden25","html_url":"https://github.com/JGolden25","followers_url":"https://api.github.com/users/JGolden25/followers","following_url":"https://api.github.com/users/JGolden25/following{/other_user}","gists_url":"https://api.github.com/users/JGolden25/gists{/gist_id}","starred_url":"https://api.github.com/users/JGolden25/starred{/owner}{/repo}","subscriptions_url":"https://api.github.com/users/JGolden25/subscriptions","organizations_url":"https://api.github.com/users/JGolden25/orgs","repos_url":"https://api.github.com/users/JGolden25/repos","events_url":"https://api.github.com/users/JGolden25/events{/privacy}","received_events_url":"https://api.github.com/users/JGolden25/received_events","type":"User","site_admin":false,"name":null,"company":null,"blog":"jcg.dev","location":"Chicago, IL","email":"joechre@gmail.com","hireable":true,"bio":"ðŸ’» Software Engineer ðŸ–Œï¸ Minimal-Design Lover âœˆï¸ Traveler ðŸ“š TxSt & Lambda School Alumnus ðŸŽ¥Film-Maker","twitter_username":null,"public_repos":125,"public_gists":7,"followers":6,"following":5,"created_at":"2018-01-15T21:11:34Z","updated_at":"2021-10-19T02:27:30Z","private_gists":4,"total_private_repos":1,"owned_private_repos":1,"disk_usage":350031,"collaborators":0,"two_factor_authentication":false,"plan":{"name":"free","space":976562499,"collaborators":0,"private_repos":10000}}
[info] 
[info] âœ”  Success! Logged into GitHub as JGolden25 
[info] 
